This file contains any messages produced by compilers while
running configure, to aid debugging if configure makes a mistake.

It was created by configure, which was
generated by GNU Autoconf 2.54.  Invocation command line was

  $ ./configure --no-create --no-recursion

## --------- ##
## Platform. ##
## --------- ##

hostname = warp
uname -m = i686
uname -r = 2.6.16nb
uname -s = Linux
uname -v = #1 SMP PREEMPT Tue Jun 13 15:39:22 EEST 2006

/usr/bin/uname -p = unknown
/bin/uname -X     = unknown

/bin/arch              = i686
/usr/bin/arch -k       = unknown
/usr/convex/getsysinfo = unknown
hostinfo               = unknown
/bin/machine           = unknown
/usr/bin/oslevel       = unknown
/bin/universe          = unknown

PATH: /usr/local/bin
PATH: /usr/bin
PATH: /bin
PATH: /usr/bin/X11
PATH: /usr/games


## ----------- ##
## Core tests. ##
## ----------- ##

configure:1245: checking for a BSD-compatible install
configure:1299: result: /usr/bin/install -c
configure:1310: checking whether build environment is sane
configure:1353: result: yes
configure:1386: checking for gawk
configure:1402: found /usr/bin/gawk
configure:1412: result: gawk
configure:1422: checking whether make sets ${MAKE}
configure:1442: result: yes
configure:1606: checking build system type
configure:1624: result: i686-pc-linux-gnu
configure:1632: checking host system type
configure:1646: result: i686-pc-linux-gnu
configure:1706: checking for gcc
configure:1722: found /usr/bin/gcc
configure:1732: result: gcc
configure:1974: checking for C compiler version
configure:1977: gcc --version </dev/null >&5
gcc (GCC) 3.3.5 (Debian 1:3.3.5-13)
Copyright (C) 2003 Free Software Foundation, Inc.
This is free software; see the source for copying conditions.  There is NO
warranty; not even for MERCHANTABILITY or FITNESS FOR A PARTICULAR PURPOSE.

configure:1980: $? = 0
configure:1982: gcc -v </dev/null >&5
Reading specs from /usr/lib/gcc-lib/i486-linux/3.3.5/specs
Configured with: ../src/configure -v --enable-languages=c,c++,java,f77,pascal,objc,ada,treelang --prefix=/usr --mandir=/usr/share/man --infodir=/usr/share/info --with-gxx-include-dir=/usr/include/c++/3.3 --enable-shared --enable-__cxa_atexit --with-system-zlib --enable-nls --without-included-gettext --enable-clocale=gnu --enable-debug --enable-java-gc=boehm --enable-java-awt=xlib --enable-objc-gc i486-linux
Thread model: posix
gcc version 3.3.5 (Debian 1:3.3.5-13)
configure:1985: $? = 0
configure:1987: gcc -V </dev/null >&5
gcc: `-V' option must have argument
configure:1990: $? = 1
configure:2010: checking for C compiler default output
configure:2013: gcc    conftest.c  >&5
configure:2016: $? = 0
configure:2050: result: a.out
configure:2055: checking whether the C compiler works
configure:2061: ./a.out
configure:2064: $? = 0
configure:2079: result: yes
configure:2086: checking whether we are cross compiling
configure:2088: result: no
configure:2091: checking for suffix of executables
configure:2093: gcc -o conftest    conftest.c  >&5
configure:2096: $? = 0
configure:2119: result: 
configure:2125: checking for suffix of object files
configure:2143: gcc -c   conftest.c >&5
configure:2146: $? = 0
configure:2165: result: o
configure:2169: checking whether we are using the GNU C compiler
configure:2190: gcc -c   conftest.c >&5
configure:2193: $? = 0
configure:2196: test -s conftest.o
configure:2199: $? = 0
configure:2211: result: yes
configure:2217: checking whether gcc accepts -g
configure:2235: gcc -c -g  conftest.c >&5
configure:2238: $? = 0
configure:2241: test -s conftest.o
configure:2244: $? = 0
configure:2254: result: yes
configure:2271: checking for gcc option to accept ANSI C
configure:2328: gcc  -c -g -O2  conftest.c >&5
configure:2331: $? = 0
configure:2334: test -s conftest.o
configure:2337: $? = 0
configure:2354: result: none needed
configure:2372: gcc -c -g -O2  conftest.c >&5
conftest.c:2: error: syntax error before "me"
configure:2375: $? = 1
configure: failed program was:
#ifndef __cplusplus
  choke me
#endif
configure:2492: checking for style of include used by make
configure:2520: result: GNU
configure:2548: checking dependency style of gcc
configure:2610: result: gcc3
configure:2678: checking for ranlib
configure:2694: found /usr/bin/ranlib
configure:2705: result: ranlib
configure:2743: checking for main in -lpthread
configure:2764: gcc -o conftest  -g -Wall -O3 -D_GNU_SOURCE -D_FILE_OFFSET_BITS=64   conftest.c -lpthread   >&5
configure:2767: $? = 0
configure:2770: test -s conftest
configure:2773: $? = 0
configure:2784: result: yes
configure:2946: creating ./config.status

## ---------------- ##
## Cache variables. ##
## ---------------- ##

ac_cv_build=i686-pc-linux-gnu
ac_cv_build_alias=i686-pc-linux-gnu
ac_cv_c_compiler_gnu=yes
ac_cv_env_CC_set=
ac_cv_env_CC_value=
ac_cv_env_CFLAGS_set=
ac_cv_env_CFLAGS_value=
ac_cv_env_CPPFLAGS_set=
ac_cv_env_CPPFLAGS_value=
ac_cv_env_LDFLAGS_set=
ac_cv_env_LDFLAGS_value=
ac_cv_env_build_alias_set=
ac_cv_env_build_alias_value=
ac_cv_env_host_alias_set=
ac_cv_env_host_alias_value=
ac_cv_env_target_alias_set=
ac_cv_env_target_alias_value=
ac_cv_exeext=
ac_cv_host=i686-pc-linux-gnu
ac_cv_host_alias=i686-pc-linux-gnu
ac_cv_lib_pthread_main=yes
ac_cv_objext=o
ac_cv_path_install='/usr/bin/install -c'
ac_cv_prog_AWK=gawk
ac_cv_prog_ac_ct_CC=gcc
ac_cv_prog_ac_ct_RANLIB=ranlib
ac_cv_prog_cc_g=yes
ac_cv_prog_cc_stdc=
ac_cv_prog_make_make_set=yes
am_cv_CC_dependencies_compiler_type=gcc3

## ----------------- ##
## Output variables. ##
## ----------------- ##

ACLOCAL='${SHELL} /home/jwagner/tsunami-testlogs/binaries/src/missing --run aclocal-1.7'
AMDEPBACKSLASH='\'
AMDEP_FALSE='#'
AMDEP_TRUE=''
AMTAR='${SHELL} /home/jwagner/tsunami-testlogs/binaries/src/missing --run tar'
AUTOCONF='${SHELL} /home/jwagner/tsunami-testlogs/binaries/src/missing --run autoconf'
AUTOHEADER='${SHELL} /home/jwagner/tsunami-testlogs/binaries/src/missing --run autoheader'
AUTOMAKE='${SHELL} /home/jwagner/tsunami-testlogs/binaries/src/missing --run automake-1.7'
AWK='gawk'
CC='gcc'
CCDEPMODE='depmode=gcc3'
CFLAGS=' -g -Wall -O3 -D_GNU_SOURCE -D_FILE_OFFSET_BITS=64'
CLEANFILES='*~'
CPPFLAGS=''
CYGPATH_W='echo'
DEFS='-DPACKAGE_NAME=\"\" -DPACKAGE_TARNAME=\"\" -DPACKAGE_VERSION=\"\" -DPACKAGE_STRING=\"\" -DPACKAGE_BUGREPORT=\"\" '
DEPDIR='.deps'
ECHO_C=''
ECHO_N='-n'
ECHO_T=''
EXEEXT=''
INSTALL_DATA='${INSTALL} -m 644'
INSTALL_PROGRAM='${INSTALL}'
INSTALL_SCRIPT='${INSTALL}'
INSTALL_STRIP_PROGRAM='${SHELL} $(install_sh) -c -s'
LDFLAGS=''
LIBOBJS=''
LIBS=''
LTLIBOBJS=''
MAKEINFO='${SHELL} /home/jwagner/tsunami-testlogs/binaries/src/missing --run makeinfo'
OBJEXT='o'
PACKAGE='tsunami'
PACKAGE_BUGREPORT=''
PACKAGE_NAME=''
PACKAGE_STRING=''
PACKAGE_TARNAME=''
PACKAGE_VERSION=''
PATH_SEPARATOR=':'
RANLIB='ranlib'
SET_MAKE=''
SHELL='/bin/sh'
STRIP=''
VERSION='9.2'
ac_ct_CC='gcc'
ac_ct_RANLIB='ranlib'
ac_ct_STRIP=''
am__fastdepCC_FALSE='#'
am__fastdepCC_TRUE=''
am__include='include'
am__quote=''
bindir='${exec_prefix}/bin'
build='i686-pc-linux-gnu'
build_alias=''
build_cpu='i686'
build_os='linux-gnu'
build_vendor='pc'
datadir='${prefix}/share'
exec_prefix='${prefix}'
host='i686-pc-linux-gnu'
host_alias=''
host_cpu='i686'
host_os='linux-gnu'
host_vendor='pc'
includedir='${prefix}/include'
infodir='${prefix}/info'
install_sh='/home/jwagner/tsunami-testlogs/binaries/src/install-sh'
libdir='${exec_prefix}/lib'
libexecdir='${exec_prefix}/libexec'
localstatedir='${prefix}/var'
mandir='${prefix}/man'
oldincludedir='/usr/include'
prefix='/usr/local'
program_transform_name='s,x,x,'
sbindir='${exec_prefix}/sbin'
sharedstatedir='${prefix}/com'
sysconfdir='${prefix}/etc'
target_alias=''

## ----------- ##
## confdefs.h. ##
## ----------- ##

#define PACKAGE_BUGREPORT ""
#define PACKAGE_NAME ""
#define PACKAGE_STRING ""
#define PACKAGE_TARNAME ""
#define PACKAGE_VERSION ""

configure: exit 0

## ---------------------- ##
## Running config.status. ##
## ---------------------- ##

This file was extended by config.status, which was
generated by GNU Autoconf 2.54.  Invocation command line was

  CONFIG_FILES    = Makefile
  CONFIG_HEADERS  = 
  CONFIG_LINKS    = 
  CONFIG_COMMANDS = 
  $ ./config.status 

on warp

config.status:634: creating Makefile
config.status:759: executing depfiles commands

## ---------------------- ##
## Running config.status. ##
## ---------------------- ##

This file was extended by config.status, which was
generated by GNU Autoconf 2.54.  Invocation command line was

  CONFIG_FILES    = util/Makefile
  CONFIG_HEADERS  = 
  CONFIG_LINKS    = 
  CONFIG_COMMANDS = 
  $ ./config.status 

on warp

config.status:634: creating util/Makefile
config.status:759: executing depfiles commands

## ---------------------- ##
## Running config.status. ##
## ---------------------- ##

This file was extended by config.status, which was
generated by GNU Autoconf 2.54.  Invocation command line was

  CONFIG_FILES    = server/Makefile
  CONFIG_HEADERS  = 
  CONFIG_LINKS    = 
  CONFIG_COMMANDS = 
  $ ./config.status 

on warp

config.status:634: creating server/Makefile
config.status:759: executing depfiles commands

## ---------------------- ##
## Running config.status. ##
## ---------------------- ##

This file was extended by config.status, which was
generated by GNU Autoconf 2.54.  Invocation command line was

  CONFIG_FILES    = client/Makefile
  CONFIG_HEADERS  = 
  CONFIG_LINKS    = 
  CONFIG_COMMANDS = 
  $ ./config.status 

on warp

config.status:634: creating client/Makefile
config.status:759: executing depfiles commands

## ---------------------- ##
## Running config.status. ##
## ---------------------- ##

This file was extended by config.status, which was
generated by GNU Autoconf 2.54.  Invocation command line was

  CONFIG_FILES    = common/Makefile
  CONFIG_HEADERS  = 
  CONFIG_LINKS    = 
  CONFIG_COMMANDS = 
  $ ./config.status 

on warp

config.status:634: creating common/Makefile
config.status:759: executing depfiles commands

## ---------------------- ##
## Running config.status. ##
## ---------------------- ##

This file was extended by config.status, which was
generated by GNU Autoconf 2.54.  Invocation command line was

  CONFIG_FILES    = include/Makefile
  CONFIG_HEADERS  = 
  CONFIG_LINKS    = 
  CONFIG_COMMANDS = 
  $ ./config.status 

on warp

config.status:634: creating include/Makefile
config.status:759: executing depfiles commands
